[    1313ms] [INFO] %cDownload the React DevTools for a better development experience: https://react.dev/link/react-devtools font-weight:bold @ http://localhost:3100/_next/static/chunks/node_modules_next_dist_compiled_2ce9398a._.js:16329
[    1476ms] [LOG] [Fast Refresh] rebuilding @ http://localhost:3100/_next/static/chunks/node_modules_next_dist_client_fdf37019._.js:14731
[    1483ms] [LOG] %c[Vercel Web Analytics]%c Debug mode is enabled by default in development. No requests will be sent to the server. color: rgb(120, 120, 120) color: inherit @ https://va.vercel-scripts.com/v1/script.debug.js:0
[    1483ms] [LOG] %c[Vercel Web Analytics]%c Running queued event color: rgb(120, 120, 120) color: inherit pageview {route: /, path: /} @ https://va.vercel-scripts.com/v1/script.debug.js:0
[    1483ms] [LOG] %c[Vercel Web Analytics]%c [view] http://localhost:3100/ color: rgb(120, 120, 120) color: inherit {o: http://localhost:3100/, sv: 0.1.3, sdkn: @vercel/analytics/next, sdkv: 1.6.1, ts: 1778401193127} /_vercel/insights/view @ https://va.vercel-scripts.com/v1/script.debug.js:0
[    1484ms] [LOG] %c[Vercel Speed Insights]%c Debug mode is enabled by default in development. No requests will be sent to the server. color: rgb(120, 120, 120) color: inherit @ https://va.vercel-scripts.com/v1/speed-insights/script.debug.js:0
[    1506ms] [LOG] [Fast Refresh] done in 31ms @ http://localhost:3100/_next/static/chunks/node_modules_next_dist_client_fdf37019._.js:14560
[   65147ms] [LOG] [Fast Refresh] rebuilding @ http://localhost:3100/_next/static/chunks/node_modules_next_dist_client_fdf37019._.js:14731
[   65241ms] [LOG] [Fast Refresh] done in 95ms @ http://localhost:3100/_next/static/chunks/node_modules_next_dist_client_fdf37019._.js:14560
[   65254ms] [LOG] %c[Vercel Speed Insights]%c [vitals] color: rgb(120, 120, 120) color: inherit {speed: 4g, metrics: Array(5), scriptVersion: 0.1.3, sdkName: @vercel/speed-insights/next, sdkVersion: 1.3.1} /_vercel/speed-insights/vitals @ https://va.vercel-scripts.com/v1/speed-insights/script.debug.js:0
[   65255ms] [LOG] %c[Vercel Speed Insights]%c [vitals] color: rgb(120, 120, 120) color: inherit {speed: 4g, metrics: Array(1), scriptVersion: 0.1.3, sdkName: @vercel/speed-insights/next, sdkVersion: 1.3.1} /_vercel/speed-insights/vitals @ https://va.vercel-scripts.com/v1/speed-insights/script.debug.js:0
[   65287ms] [INFO] %cDownload the React DevTools for a better development experience: https://react.dev/link/react-devtools font-weight:bold @ http://localhost:3100/_next/static/chunks/node_modules_next_dist_compiled_2ce9398a._.js:16329
[   65347ms] [LOG] %c[Vercel Web Analytics]%c Debug mode is enabled by default in development. No requests will be sent to the server. color: rgb(120, 120, 120) color: inherit @ https://va.vercel-scripts.com/v1/script.debug.js:0
[   65347ms] [LOG] %c[Vercel Web Analytics]%c Running queued event color: rgb(120, 120, 120) color: inherit pageview {route: /, path: /} @ https://va.vercel-scripts.com/v1/script.debug.js:0
[   65347ms] [LOG] %c[Vercel Web Analytics]%c [view] http://localhost:3100/ color: rgb(120, 120, 120) color: inherit {o: http://localhost:3100/, sv: 0.1.3, sdkn: @vercel/analytics/next, sdkv: 1.6.1, ts: 1778401256991} /_vercel/insights/view @ https://va.vercel-scripts.com/v1/script.debug.js:0
[   65348ms] [LOG] %c[Vercel Speed Insights]%c Debug mode is enabled by default in development. No requests will be sent to the server. color: rgb(120, 120, 120) color: inherit @ https://va.vercel-scripts.com/v1/speed-insights/script.debug.js:0
[   65435ms] [LOG] [Fast Refresh] rebuilding @ http://localhost:3100/_next/static/chunks/node_modules_next_dist_client_fdf37019._.js:14731
[   65463ms] [LOG] [Fast Refresh] done in 27ms @ http://localhost:3100/_next/static/chunks/node_modules_next_dist_client_fdf37019._.js:14560
[  233107ms] [WARNING] Image with src "http://localhost:3100/usc.png" has either width or height modified, but not the other. If you use CSS to change the size of your image, also include the styles 'width: "auto"' or 'height: "auto"' to maintain the aspect ratio. @ http://localhost:3100/_next/static/chunks/node_modules_next_dist_3bfaed20._.js:803
[  273571ms] [LOG] [Fast Refresh] rebuilding @ http://localhost:3100/_next/static/chunks/node_modules_next_dist_client_fdf37019._.js:14731
[  273851ms] [ERROR] Failed to load resource: the server responded with a status of 400 (Bad Request) @ http://localhost:3100/api/create-web-call:0
[  273851ms] [LOG] [Fast Refresh] done in 281ms @ http://localhost:3100/_next/static/chunks/node_modules_next_dist_client_fdf37019._.js:14560
[  363649ms] [ERROR] WebSocket connection to 'ws://localhost:3100/_next/webpack-hmr' failed:  @ http://localhost:3100/_next/static/chunks/node_modules_next_dist_client_fdf37019._.js:14222
